{"C:\\Users\\KIIT\\Desktop\\travel-api\\db.js": {"path":"C:\\Users\\KIIT\\Desktop\\travel-api\\db.js","statementMap":{"0":{"start":{"line":2,"column":14},"end":{"line":2,"column":39}},"1":{"start":{"line":4,"column":13},"end":{"line":9,"column":2}},"2":{"start":{"line":11,"column":0},"end":{"line":11,"column":22}}},"fnMap":{},"branchMap":{},"s":{"0":1,"1":1,"2":1},"f":{},"b":{},"_coverageSchema":"1a1c01bbd47fc00a2c39e90264f33305004495a9","hash":"1b836016caffe93015c2192598c6fc4fe46d372e"}
,"C:\\Users\\KIIT\\Desktop\\travel-api\\server.js": {"path":"C:\\Users\\KIIT\\Desktop\\travel-api\\server.js","statementMap":{"0":{"start":{"line":1,"column":16},"end":{"line":1,"column":34}},"1":{"start":{"line":2,"column":12},"end":{"line":2,"column":21}},"2":{"start":{"line":3,"column":14},"end":{"line":3,"column":39}},"3":{"start":{"line":4,"column":13},"end":{"line":4,"column":28}},"4":{"start":{"line":5,"column":15},"end":{"line":5,"column":32}},"5":{"start":{"line":6,"column":13},"end":{"line":6,"column":28}},"6":{"start":{"line":7,"column":11},"end":{"line":7,"column":24}},"7":{"start":{"line":10,"column":0},"end":{"line":10,"column":16}},"8":{"start":{"line":11,"column":0},"end":{"line":11,"column":24}},"9":{"start":{"line":12,"column":0},"end":{"line":12,"column":48}},"10":{"start":{"line":15,"column":0},"end":{"line":15,"column":34}},"11":{"start":{"line":16,"column":0},"end":{"line":16,"column":76}},"12":{"start":{"line":19,"column":18},"end":{"line":19,"column":56}},"13":{"start":{"line":20,"column":0},"end":{"line":22,"column":1}},"14":{"start":{"line":21,"column":2},"end":{"line":21,"column":47}},"15":{"start":{"line":25,"column":11},"end":{"line":30,"column":2}},"16":{"start":{"line":33,"column":16},"end":{"line":40,"column":2}},"17":{"start":{"line":35,"column":4},"end":{"line":35,"column":32}},"18":{"start":{"line":38,"column":4},"end":{"line":38,"column":51}},"19":{"start":{"line":41,"column":15},"end":{"line":41,"column":34}},"20":{"start":{"line":46,"column":0},"end":{"line":70,"column":3}},"21":{"start":{"line":47,"column":2},"end":{"line":69,"column":3}},"22":{"start":{"line":48,"column":37},"end":{"line":48,"column":45}},"23":{"start":{"line":50,"column":4},"end":{"line":52,"column":5}},"24":{"start":{"line":51,"column":6},"end":{"line":51,"column":68}},"25":{"start":{"line":54,"column":4},"end":{"line":56,"column":5}},"26":{"start":{"line":55,"column":6},"end":{"line":55,"column":76}},"27":{"start":{"line":58,"column":23},"end":{"line":58,"column":69}},"28":{"start":{"line":58,"column":45},"end":{"line":58,"column":58}},"29":{"start":{"line":60,"column":4},"end":{"line":63,"column":6}},"30":{"start":{"line":65,"column":4},"end":{"line":65,"column":60}},"31":{"start":{"line":67,"column":4},"end":{"line":67,"column":23}},"32":{"start":{"line":68,"column":4},"end":{"line":68,"column":66}},"33":{"start":{"line":73,"column":0},"end":{"line":81,"column":3}},"34":{"start":{"line":74,"column":2},"end":{"line":80,"column":3}},"35":{"start":{"line":75,"column":19},"end":{"line":75,"column":80}},"36":{"start":{"line":76,"column":4},"end":{"line":76,"column":19}},"37":{"start":{"line":78,"column":4},"end":{"line":78,"column":23}},"38":{"start":{"line":79,"column":4},"end":{"line":79,"column":69}},"39":{"start":{"line":84,"column":0},"end":{"line":106,"column":3}},"40":{"start":{"line":85,"column":2},"end":{"line":105,"column":3}},"41":{"start":{"line":86,"column":4},"end":{"line":88,"column":5}},"42":{"start":{"line":87,"column":6},"end":{"line":87,"column":61}},"43":{"start":{"line":90,"column":19},"end":{"line":90,"column":29}},"44":{"start":{"line":91,"column":19},"end":{"line":91,"column":82}},"45":{"start":{"line":93,"column":4},"end":{"line":95,"column":5}},"46":{"start":{"line":94,"column":6},"end":{"line":94,"column":72}},"47":{"start":{"line":97,"column":24},"end":{"line":97,"column":31}},"48":{"start":{"line":98,"column":4},"end":{"line":98,"column":81}},"49":{"start":{"line":99,"column":4},"end":{"line":99,"column":70}},"50":{"start":{"line":99,"column":53},"end":{"line":99,"column":68}},"51":{"start":{"line":101,"column":4},"end":{"line":101,"column":26}},"52":{"start":{"line":103,"column":4},"end":{"line":103,"column":23}},"53":{"start":{"line":104,"column":4},"end":{"line":104,"column":68}},"54":{"start":{"line":109,"column":0},"end":{"line":136,"column":3}},"55":{"start":{"line":110,"column":2},"end":{"line":135,"column":3}},"56":{"start":{"line":111,"column":4},"end":{"line":113,"column":5}},"57":{"start":{"line":112,"column":6},"end":{"line":112,"column":61}},"58":{"start":{"line":115,"column":19},"end":{"line":115,"column":29}},"59":{"start":{"line":116,"column":37},"end":{"line":116,"column":45}},"60":{"start":{"line":118,"column":4},"end":{"line":120,"column":5}},"61":{"start":{"line":119,"column":6},"end":{"line":119,"column":68}},"62":{"start":{"line":122,"column":4},"end":{"line":124,"column":5}},"63":{"start":{"line":123,"column":6},"end":{"line":123,"column":76}},"64":{"start":{"line":126,"column":4},"end":{"line":129,"column":6}},"65":{"start":{"line":131,"column":4},"end":{"line":131,"column":62}},"66":{"start":{"line":133,"column":4},"end":{"line":133,"column":23}},"67":{"start":{"line":134,"column":4},"end":{"line":134,"column":68}},"68":{"start":{"line":139,"column":0},"end":{"line":166,"column":3}},"69":{"start":{"line":140,"column":2},"end":{"line":165,"column":3}},"70":{"start":{"line":141,"column":4},"end":{"line":143,"column":5}},"71":{"start":{"line":142,"column":6},"end":{"line":142,"column":61}},"72":{"start":{"line":145,"column":19},"end":{"line":145,"column":29}},"73":{"start":{"line":148,"column":19},"end":{"line":148,"column":87}},"74":{"start":{"line":149,"column":4},"end":{"line":157,"column":5}},"75":{"start":{"line":150,"column":21},"end":{"line":150,"column":46}},"76":{"start":{"line":151,"column":6},"end":{"line":156,"column":9}},"77":{"start":{"line":152,"column":26},"end":{"line":152,"column":71}},"78":{"start":{"line":153,"column":8},"end":{"line":155,"column":9}},"79":{"start":{"line":154,"column":10},"end":{"line":154,"column":35}},"80":{"start":{"line":159,"column":4},"end":{"line":159,"column":66}},"81":{"start":{"line":161,"column":4},"end":{"line":161,"column":62}},"82":{"start":{"line":163,"column":4},"end":{"line":163,"column":23}},"83":{"start":{"line":164,"column":4},"end":{"line":164,"column":68}},"84":{"start":{"line":169,"column":0},"end":{"line":171,"column":1}},"85":{"start":{"line":170,"column":2},"end":{"line":170,"column":84}},"86":{"start":{"line":170,"column":25},"end":{"line":170,"column":82}},"87":{"start":{"line":173,"column":0},"end":{"line":173,"column":21}}},"fnMap":{"0":{"name":"(anonymous_0)","decl":{"start":{"line":34,"column":15},"end":{"line":34,"column":16}},"loc":{"start":{"line":34,"column":34},"end":{"line":36,"column":3}},"line":34},"1":{"name":"(anonymous_1)","decl":{"start":{"line":37,"column":12},"end":{"line":37,"column":13}},"loc":{"start":{"line":37,"column":31},"end":{"line":39,"column":3}},"line":37},"2":{"name":"(anonymous_2)","decl":{"start":{"line":46,"column":54},"end":{"line":46,"column":55}},"loc":{"start":{"line":46,"column":74},"end":{"line":70,"column":1}},"line":46},"3":{"name":"(anonymous_3)","decl":{"start":{"line":58,"column":37},"end":{"line":58,"column":38}},"loc":{"start":{"line":58,"column":45},"end":{"line":58,"column":58}},"line":58},"4":{"name":"(anonymous_4)","decl":{"start":{"line":73,"column":29},"end":{"line":73,"column":30}},"loc":{"start":{"line":73,"column":49},"end":{"line":81,"column":1}},"line":73},"5":{"name":"(anonymous_5)","decl":{"start":{"line":84,"column":33},"end":{"line":84,"column":34}},"loc":{"start":{"line":84,"column":53},"end":{"line":106,"column":1}},"line":84},"6":{"name":"(anonymous_6)","decl":{"start":{"line":99,"column":48},"end":{"line":99,"column":49}},"loc":{"start":{"line":99,"column":53},"end":{"line":99,"column":68}},"line":99},"7":{"name":"(anonymous_7)","decl":{"start":{"line":109,"column":49},"end":{"line":109,"column":50}},"loc":{"start":{"line":109,"column":69},"end":{"line":136,"column":1}},"line":109},"8":{"name":"(anonymous_8)","decl":{"start":{"line":139,"column":36},"end":{"line":139,"column":37}},"loc":{"start":{"line":139,"column":56},"end":{"line":166,"column":1}},"line":139},"9":{"name":"(anonymous_9)","decl":{"start":{"line":151,"column":21},"end":{"line":151,"column":22}},"loc":{"start":{"line":151,"column":30},"end":{"line":156,"column":7}},"line":151},"10":{"name":"(anonymous_10)","decl":{"start":{"line":170,"column":19},"end":{"line":170,"column":20}},"loc":{"start":{"line":170,"column":25},"end":{"line":170,"column":82}},"line":170}},"branchMap":{"0":{"loc":{"start":{"line":20,"column":0},"end":{"line":22,"column":1}},"type":"if","locations":[{"start":{"line":20,"column":0},"end":{"line":22,"column":1}},{"start":{},"end":{}}],"line":20},"1":{"loc":{"start":{"line":50,"column":4},"end":{"line":52,"column":5}},"type":"if","locations":[{"start":{"line":50,"column":4},"end":{"line":52,"column":5}},{"start":{},"end":{}}],"line":50},"2":{"loc":{"start":{"line":50,"column":8},"end":{"line":50,"column":37}},"type":"binary-expr","locations":[{"start":{"line":50,"column":8},"end":{"line":50,"column":14}},{"start":{"line":50,"column":18},"end":{"line":50,"column":37}}],"line":50},"3":{"loc":{"start":{"line":54,"column":4},"end":{"line":56,"column":5}},"type":"if","locations":[{"start":{"line":54,"column":4},"end":{"line":56,"column":5}},{"start":{},"end":{}}],"line":54},"4":{"loc":{"start":{"line":54,"column":8},"end":{"line":54,"column":53}},"type":"binary-expr","locations":[{"start":{"line":54,"column":8},"end":{"line":54,"column":22}},{"start":{"line":54,"column":26},"end":{"line":54,"column":53}}],"line":54},"5":{"loc":{"start":{"line":86,"column":4},"end":{"line":88,"column":5}},"type":"if","locations":[{"start":{"line":86,"column":4},"end":{"line":88,"column":5}},{"start":{},"end":{}}],"line":86},"6":{"loc":{"start":{"line":93,"column":4},"end":{"line":95,"column":5}},"type":"if","locations":[{"start":{"line":93,"column":4},"end":{"line":95,"column":5}},{"start":{},"end":{}}],"line":93},"7":{"loc":{"start":{"line":98,"column":25},"end":{"line":98,"column":80}},"type":"cond-expr","locations":[{"start":{"line":98,"column":46},"end":{"line":98,"column":75}},{"start":{"line":98,"column":78},"end":{"line":98,"column":80}}],"line":98},"8":{"loc":{"start":{"line":111,"column":4},"end":{"line":113,"column":5}},"type":"if","locations":[{"start":{"line":111,"column":4},"end":{"line":113,"column":5}},{"start":{},"end":{}}],"line":111},"9":{"loc":{"start":{"line":118,"column":4},"end":{"line":120,"column":5}},"type":"if","locations":[{"start":{"line":118,"column":4},"end":{"line":120,"column":5}},{"start":{},"end":{}}],"line":118},"10":{"loc":{"start":{"line":118,"column":8},"end":{"line":118,"column":37}},"type":"binary-expr","locations":[{"start":{"line":118,"column":8},"end":{"line":118,"column":14}},{"start":{"line":118,"column":18},"end":{"line":118,"column":37}}],"line":118},"11":{"loc":{"start":{"line":122,"column":4},"end":{"line":124,"column":5}},"type":"if","locations":[{"start":{"line":122,"column":4},"end":{"line":124,"column":5}},{"start":{},"end":{}}],"line":122},"12":{"loc":{"start":{"line":122,"column":8},"end":{"line":122,"column":53}},"type":"binary-expr","locations":[{"start":{"line":122,"column":8},"end":{"line":122,"column":22}},{"start":{"line":122,"column":26},"end":{"line":122,"column":53}}],"line":122},"13":{"loc":{"start":{"line":141,"column":4},"end":{"line":143,"column":5}},"type":"if","locations":[{"start":{"line":141,"column":4},"end":{"line":143,"column":5}},{"start":{},"end":{}}],"line":141},"14":{"loc":{"start":{"line":149,"column":4},"end":{"line":157,"column":5}},"type":"if","locations":[{"start":{"line":149,"column":4},"end":{"line":157,"column":5}},{"start":{},"end":{}}],"line":149},"15":{"loc":{"start":{"line":149,"column":8},"end":{"line":149,"column":37}},"type":"binary-expr","locations":[{"start":{"line":149,"column":8},"end":{"line":149,"column":19}},{"start":{"line":149,"column":23},"end":{"line":149,"column":37}}],"line":149},"16":{"loc":{"start":{"line":153,"column":8},"end":{"line":155,"column":9}},"type":"if","locations":[{"start":{"line":153,"column":8},"end":{"line":155,"column":9}},{"start":{},"end":{}}],"line":153},"17":{"loc":{"start":{"line":169,"column":0},"end":{"line":171,"column":1}},"type":"if","locations":[{"start":{"line":169,"column":0},"end":{"line":171,"column":1}},{"start":{},"end":{}}],"line":169}},"s":{"0":4,"1":4,"2":4,"3":4,"4":4,"5":4,"6":4,"7":4,"8":4,"9":4,"10":4,"11":4,"12":4,"13":4,"14":0,"15":4,"16":4,"17":1,"18":1,"19":4,"20":4,"21":4,"22":4,"23":4,"24":1,"25":3,"26":1,"27":2,"28":1,"29":2,"30":2,"31":0,"32":0,"33":4,"34":2,"35":2,"36":2,"37":0,"38":0,"39":4,"40":3,"41":3,"42":1,"43":2,"44":2,"45":2,"46":1,"47":1,"48":1,"49":1,"50":1,"51":1,"52":0,"53":0,"54":4,"55":3,"56":3,"57":1,"58":2,"59":2,"60":2,"61":1,"62":1,"63":0,"64":1,"65":1,"66":0,"67":0,"68":4,"69":3,"70":3,"71":1,"72":2,"73":2,"74":2,"75":1,"76":1,"77":1,"78":1,"79":1,"80":2,"81":2,"82":0,"83":0,"84":4,"85":0,"86":0,"87":4},"f":{"0":1,"1":1,"2":4,"3":1,"4":2,"5":3,"6":1,"7":3,"8":3,"9":1,"10":0},"b":{"0":[0,4],"1":[1,3],"2":[4,3],"3":[1,2],"4":[3,2],"5":[1,2],"6":[1,1],"7":[1,0],"8":[1,2],"9":[1,1],"10":[2,1],"11":[0,1],"12":[1,1],"13":[1,2],"14":[1,1],"15":[2,1],"16":[1,0],"17":[0,4]},"_coverageSchema":"1a1c01bbd47fc00a2c39e90264f33305004495a9","hash":"8e628fae149d06c36c7a50cd3ad1a17619b65c11"}
,"C:\\Users\\KIIT\\Desktop\\travel-api\\services\\destinationService.js": {"path":"C:\\Users\\KIIT\\Desktop\\travel-api\\services\\destinationService.js","statementMap":{"0":{"start":{"line":2,"column":11},"end":{"line":2,"column":27}},"1":{"start":{"line":5,"column":25},"end":{"line":5,"column":69}},"2":{"start":{"line":6,"column":2},"end":{"line":6,"column":22}},"3":{"start":{"line":10,"column":25},"end":{"line":10,"column":88}},"4":{"start":{"line":11,"column":2},"end":{"line":11,"column":25}},"5":{"start":{"line":15,"column":19},"end":{"line":18,"column":3}},"6":{"start":{"line":19,"column":2},"end":{"line":19,"column":25}},"7":{"start":{"line":22,"column":0},"end":{"line":26,"column":2}}},"fnMap":{"0":{"name":"getAllDestinations","decl":{"start":{"line":4,"column":15},"end":{"line":4,"column":33}},"loc":{"start":{"line":4,"column":36},"end":{"line":7,"column":1}},"line":4},"1":{"name":"getDestinationById","decl":{"start":{"line":9,"column":15},"end":{"line":9,"column":33}},"loc":{"start":{"line":9,"column":38},"end":{"line":12,"column":1}},"line":9},"2":{"name":"addDestination","decl":{"start":{"line":14,"column":15},"end":{"line":14,"column":29}},"loc":{"start":{"line":14,"column":60},"end":{"line":20,"column":1}},"line":14}},"branchMap":{},"s":{"0":1,"1":1,"2":1,"3":1,"4":1,"5":1,"6":1,"7":1},"f":{"0":1,"1":1,"2":1},"b":{},"_coverageSchema":"1a1c01bbd47fc00a2c39e90264f33305004495a9","hash":"593155befbe1eeeab1a479073cc6d989e0a778f6"}
}
