TN:
SF:db.js
FNF:0
FNH:0
DA:2,1
DA:4,1
DA:11,1
LF:3
LH:3
BRF:0
BRH:0
end_of_record
TN:
SF:server.js
FN:34,(anonymous_0)
FN:37,(anonymous_1)
FN:46,(anonymous_2)
FN:58,(anonymous_3)
FN:73,(anonymous_4)
FN:84,(anonymous_5)
FN:99,(anonymous_6)
FN:109,(anonymous_7)
FN:139,(anonymous_8)
FN:151,(anonymous_9)
FN:170,(anonymous_10)
FNF:11
FNH:10
FNDA:1,(anonymous_0)
FNDA:1,(anonymous_1)
FNDA:4,(anonymous_2)
FNDA:1,(anonymous_3)
FNDA:2,(anonymous_4)
FNDA:3,(anonymous_5)
FNDA:1,(anonymous_6)
FNDA:3,(anonymous_7)
FNDA:3,(anonymous_8)
FNDA:1,(anonymous_9)
FNDA:0,(anonymous_10)
DA:1,4
DA:2,4
DA:3,4
DA:4,4
DA:5,4
DA:6,4
DA:7,4
DA:10,4
DA:11,4
DA:12,4
DA:15,4
DA:16,4
DA:19,4
DA:20,4
DA:21,0
DA:25,4
DA:33,4
DA:35,1
DA:38,1
DA:41,4
DA:46,4
DA:47,4
DA:48,4
DA:50,4
DA:51,1
DA:54,3
DA:55,1
DA:58,2
DA:60,2
DA:65,2
DA:67,0
DA:68,0
DA:73,4
DA:74,2
DA:75,2
DA:76,2
DA:78,0
DA:79,0
DA:84,4
DA:85,3
DA:86,3
DA:87,1
DA:90,2
DA:91,2
DA:93,2
DA:94,1
DA:97,1
DA:98,1
DA:99,1
DA:101,1
DA:103,0
DA:104,0
DA:109,4
DA:110,3
DA:111,3
DA:112,1
DA:115,2
DA:116,2
DA:118,2
DA:119,1
DA:122,1
DA:123,0
DA:126,1
DA:131,1
DA:133,0
DA:134,0
DA:139,4
DA:140,3
DA:141,3
DA:142,1
DA:145,2
DA:148,2
DA:149,2
DA:150,1
DA:151,1
DA:152,1
DA:153,1
DA:154,1
DA:159,2
DA:161,2
DA:163,0
DA:164,0
DA:169,4
DA:170,0
DA:173,4
LF:85
LH:72
BRDA:20,0,0,0
BRDA:20,0,1,4
BRDA:50,1,0,1
BRDA:50,1,1,3
BRDA:50,2,0,4
BRDA:50,2,1,3
BRDA:54,3,0,1
BRDA:54,3,1,2
BRDA:54,4,0,3
BRDA:54,4,1,2
BRDA:86,5,0,1
BRDA:86,5,1,2
BRDA:93,6,0,1
BRDA:93,6,1,1
BRDA:98,7,0,1
BRDA:98,7,1,0
BRDA:111,8,0,1
BRDA:111,8,1,2
BRDA:118,9,0,1
BRDA:118,9,1,1
BRDA:118,10,0,2
BRDA:118,10,1,1
BRDA:122,11,0,0
BRDA:122,11,1,1
BRDA:122,12,0,1
BRDA:122,12,1,1
BRDA:141,13,0,1
BRDA:141,13,1,2
BRDA:149,14,0,1
BRDA:149,14,1,1
BRDA:149,15,0,2
BRDA:149,15,1,1
BRDA:153,16,0,1
BRDA:153,16,1,0
BRDA:169,17,0,0
BRDA:169,17,1,4
BRF:36
BRH:31
end_of_record
TN:
SF:services\destinationService.js
FN:4,getAllDestinations
FN:9,getDestinationById
FN:14,addDestination
FNF:3
FNH:3
FNDA:1,getAllDestinations
FNDA:1,getDestinationById
FNDA:1,addDestination
DA:2,1
DA:5,1
DA:6,1
DA:10,1
DA:11,1
DA:15,1
DA:19,1
DA:22,1
LF:8
LH:8
BRF:0
BRH:0
end_of_record
